[debug] [2019-10-05T20:20:36.631Z] ----------------------------------------------------------------------
[debug] [2019-10-05T20:20:36.632Z] Command:       /usr/local/Cellar/node/12.10.0/bin/node /usr/local/bin/firebase serve
[debug] [2019-10-05T20:20:36.633Z] CLI Version:   7.4.0
[debug] [2019-10-05T20:20:36.633Z] Platform:      darwin
[debug] [2019-10-05T20:20:36.633Z] Node Version:  v12.10.0
[debug] [2019-10-05T20:20:36.634Z] Time:          Sat Oct 05 2019 22:20:36 GMT+0200 (Central European Summer Time)
[debug] [2019-10-05T20:20:36.634Z] ----------------------------------------------------------------------
[debug] 
[debug] [2019-10-05T20:20:36.642Z] > command requires scopes: ["email","openid","https://www.googleapis.com/auth/cloudplatformprojects.readonly","https://www.googleapis.com/auth/firebase","https://www.googleapis.com/auth/cloud-platform"]
[debug] [2019-10-05T20:20:36.642Z] > authorizing via signed-in user
[debug] [2019-10-05T20:20:36.642Z] [iam] checking project recipehandler for permissions ["firebase.projects.get"]
[debug] [2019-10-05T20:20:36.643Z] > refreshing access token with scopes: ["email","https://www.googleapis.com/auth/cloud-platform","https://www.googleapis.com/auth/cloudplatformprojects.readonly","https://www.googleapis.com/auth/firebase","openid"]
[debug] [2019-10-05T20:20:36.643Z] >>> HTTP REQUEST POST https://www.googleapis.com/oauth2/v3/token  
 <request body omitted>
[debug] [2019-10-05T20:20:36.796Z] <<< HTTP RESPONSE 200
[debug] [2019-10-05T20:20:36.805Z] >>> HTTP REQUEST POST https://cloudresourcemanager.googleapis.com/v1/projects/recipehandler:testIamPermissions  

[debug] [2019-10-05T20:20:37.676Z] <<< HTTP RESPONSE 200
[debug] [2019-10-05T20:20:37.678Z] >>> HTTP REQUEST GET https://firebase.googleapis.com/v1beta1/projects/recipehandler  
 
[debug] [2019-10-05T20:20:37.974Z] <<< HTTP RESPONSE 200
[info] 
[info] === Serving from '/Users/fabian/Dev/RecipeHandler-4.0'...
[info] 
[debug] [2019-10-05T20:20:37.976Z] >>> HTTP REQUEST GET https://firebase.googleapis.com/v1beta1/projects/recipehandler/webApps/-/config  
 
[debug] [2019-10-05T20:20:38.520Z] <<< HTTP RESPONSE 200
[info] i  hosting: Serving hosting files from: build
[info] ✔  hosting: Local server: http://localhost:5000
